2015.7.12
想到用电脑记日记，导火线是输入“信_冉华（续）”的时候需要回忆一些事情，又联想到柳比歇夫，我的日记开始了。

2015.7.12
想到定义一条命令，在命令行输入一条日记，自动加上日期并追加到日记文件末尾。

2015.7.12
保存了 www.vivianmaier.com 上的照片。没有保存黑白的，因为彩色照片并没有展现出更多内容，却使人看着更费力。

2015.7.12
记日记使我想做更多的事。发现徕卡黑白相机已发布第二代 M-Monochrom(Typ 246)，2015年5月7日上市，售价为7450美元。

21:43 12/07/2015
要让学生好学，老师就要成为一个好学的人，表现为多才多艺。

2015年 07月 13日 星期一 10:32:56 CST
实现命令行写日记的笨方法：
echo -e "\n`date`\n此处写内容" >> ~/documents/me/cn_2015.log
2015年 07月 13日 星期一 11:27:37 CST
现在我看我的笔记的时候喜欢在github上看，因为在浏览器上看不需要打开一个新的窗口，希望我能够尽快熟悉Emacs，因为用Emacs方便我修改。

2015年 07月 13日 星期一 13:38:08 CST
买了一双亚瑟士跑鞋，457.6元。

2015年 07月 13日 星期一 13:42:43 CST
中午吃了一碗冰粥，第一次接触冰粥，把水果丁放在一起，椰肉、哈密瓜、西瓜等等，6元。查了一下，冰粥属粤系菜，做法很多。

2015年 07月 13日 星期一 17:45:00 CST
回到民权，爸爸开车接我，顺便买了一些零售品，换了一袋子面。主要是为了明天接妹妹。

2015年 07月 14日 星期二 15:52:00 CST
收到了冉华的信。由于她的回信只的几个字，我回复批评她，现在她按我的意思回复了，我很开心，因为了解了一些她的想法。

2015年 07月 14日 星期二 22:53:00 CST
再次给冉华写了回信，这次除了回复她的内容，还讲了一些我的经历，并穿插了不少当时的情景，写的时候一直在下雨。
2015年 07月 15日 星期三 17:29:45 CST
回家带回来几本书，看到那些书，又激起了我的看书的欲望。带来了美国中学几何，教初中，这套书可以派上用场。
21:56 07/15/15
Emacs可以玩俄罗斯方块，先按Esc键，再按X键，输入tetris, 回车。还想玩其他游戏，试试“pong”、“snake”，还有一堆游戏，在“/usr/share/emacs/*/lisp/play/”目录下。
